2022-07-04 21:12:16,319 [main] INFO  c.r.p.ProjectApplication                           - Starting ProjectApplication using Java 11.0.15 on DESKTOP-CK1PODA with PID 7144 (E:\Rohan\Projects\project\project\target\classes started by HP in E:\Rohan\Projects\project\project) 
2022-07-04 21:12:16,344 [main] INFO  c.r.p.ProjectApplication                           - No active profile set, falling back to 1 default profile: "default" 
2022-07-04 21:12:17,347 [main] INFO  o.s.d.r.c.RepositoryConfigurationDelegate          - Bootstrapping Spring Data MongoDB repositories in DEFAULT mode. 
2022-07-04 21:12:17,364 [main] INFO  o.s.d.r.c.RepositoryConfigurationDelegate          - Finished Spring Data repository scanning in 8 ms. Found 0 MongoDB repository interfaces. 
2022-07-04 21:12:18,691 [main] INFO  o.s.b.w.e.t.TomcatWebServer                        - Tomcat initialized with port(s): 8080 (http) 
2022-07-04 21:12:18,719 [main] INFO  o.a.c.h.Http11NioProtocol                          - Initializing ProtocolHandler ["http-nio-8080"] 
2022-07-04 21:12:18,720 [main] INFO  o.a.c.c.StandardService                            - Starting service [Tomcat] 
2022-07-04 21:12:18,721 [main] INFO  o.a.c.c.StandardEngine                             - Starting Servlet engine: [Apache Tomcat/9.0.64] 
2022-07-04 21:12:18,893 [main] INFO  o.a.c.c.C.[.[.[/]                                  - Initializing Spring embedded WebApplicationContext 
2022-07-04 21:12:18,894 [main] INFO  o.s.b.w.s.c.ServletWebServerApplicationContext     - Root WebApplicationContext: initialization completed in 2438 ms 
2022-07-04 21:12:19,791 [main] INFO  o.m.d.client                                       - MongoClient with metadata {"driver": {"name": "mongo-java-driver|sync|spring-boot", "version": "4.6.1"}, "os": {"type": "Windows", "name": "Windows 10", "architecture": "amd64", "version": "10.0"}, "platform": "Java/Oracle Corporation/11.0.15+8-LTS-149"} created with settings MongoClientSettings{readPreference=primary, writeConcern=WriteConcern{w=null, wTimeout=null ms, journal=null}, retryWrites=true, retryReads=true, readConcern=ReadConcern{level=null}, credential=null, streamFactoryFactory=null, commandListeners=[], codecRegistry=ProvidersCodecRegistry{codecProviders=[ValueCodecProvider{}, BsonValueCodecProvider{}, DBRefCodecProvider{}, DBObjectCodecProvider{}, DocumentCodecProvider{}, IterableCodecProvider{}, MapCodecProvider{}, GeoJsonCodecProvider{}, GridFSFileCodecProvider{}, Jsr310CodecProvider{}, JsonObjectCodecProvider{}, BsonCodecProvider{}, EnumCodecProvider{}, com.mongodb.Jep395RecordCodecProvider@5b8853]}, clusterSettings={hosts=[app_db:27017], srvServiceName=mongodb, mode=SINGLE, requiredClusterType=UNKNOWN, requiredReplicaSetName='null', serverSelector='null', clusterListeners='[]', serverSelectionTimeout='30000 ms', localThreshold='30000 ms'}, socketSettings=SocketSettings{connectTimeoutMS=10000, readTimeoutMS=0, receiveBufferSize=0, sendBufferSize=0}, heartbeatSocketSettings=SocketSettings{connectTimeoutMS=10000, readTimeoutMS=10000, receiveBufferSize=0, sendBufferSize=0}, connectionPoolSettings=ConnectionPoolSettings{maxSize=100, minSize=0, maxWaitTimeMS=120000, maxConnectionLifeTimeMS=0, maxConnectionIdleTimeMS=0, maintenanceInitialDelayMS=0, maintenanceFrequencyMS=60000, connectionPoolListeners=[], maxConnecting=2}, serverSettings=ServerSettings{heartbeatFrequencyMS=10000, minHeartbeatFrequencyMS=500, serverListeners='[]', serverMonitorListeners='[]'}, sslSettings=SslSettings{enabled=false, invalidHostNameAllowed=false, context=null}, applicationName='null', compressorList=[], uuidRepresentation=JAVA_LEGACY, serverApi=null, autoEncryptionSettings=null, contextProvider=null} 
2022-07-04 21:12:20,378 [main] INFO  o.a.c.h.Http11NioProtocol                          - Starting ProtocolHandler ["http-nio-8080"] 
2022-07-04 21:12:20,414 [main] INFO  o.s.b.w.e.t.TomcatWebServer                        - Tomcat started on port(s): 8080 (http) with context path '' 
2022-07-04 21:12:20,432 [main] INFO  c.r.p.ProjectApplication                           - Started ProjectApplication in 4.934 seconds (JVM running for 6.636) 
2022-07-04 21:12:22,034 [cluster-ClusterId{value='62c30a5b492ea1773ef26a66', description='null'}-app_db:27017] INFO  o.m.d.cluster                                      - Exception in monitor thread while connecting to server app_db:27017 
com.mongodb.MongoSocketException: No such host is known (app_db)
	at com.mongodb.ServerAddress.getSocketAddresses(ServerAddress.java:217) ~[mongodb-driver-core-4.6.1.jar:?]
	at com.mongodb.internal.connection.SocketStream.initializeSocket(SocketStream.java:75) ~[mongodb-driver-core-4.6.1.jar:?]
	at com.mongodb.internal.connection.SocketStream.open(SocketStream.java:65) ~[mongodb-driver-core-4.6.1.jar:?]
	at com.mongodb.internal.connection.InternalStreamConnection.open(InternalStreamConnection.java:180) ~[mongodb-driver-core-4.6.1.jar:?]
	at com.mongodb.internal.connection.DefaultServerMonitor$ServerMonitorRunnable.lookupServerDescription(DefaultServerMonitor.java:193) ~[mongodb-driver-core-4.6.1.jar:?]
	at com.mongodb.internal.connection.DefaultServerMonitor$ServerMonitorRunnable.run(DefaultServerMonitor.java:157) ~[mongodb-driver-core-4.6.1.jar:?]
	at java.lang.Thread.run(Thread.java:834) ~[?:?]
Caused by: java.net.UnknownHostException: No such host is known (app_db)
	at java.net.Inet6AddressImpl.lookupAllHostAddr(Native Method) ~[?:?]
	at java.net.InetAddress$PlatformNameService.lookupAllHostAddr(InetAddress.java:929) ~[?:?]
	at java.net.InetAddress.getAddressesFromNameService(InetAddress.java:1515) ~[?:?]
	at java.net.InetAddress$NameServiceAddresses.get(InetAddress.java:848) ~[?:?]
	at java.net.InetAddress.getAllByName0(InetAddress.java:1505) ~[?:?]
	at java.net.InetAddress.getAllByName(InetAddress.java:1364) ~[?:?]
	at java.net.InetAddress.getAllByName(InetAddress.java:1298) ~[?:?]
	at com.mongodb.ServerAddress.getSocketAddresses(ServerAddress.java:209) ~[mongodb-driver-core-4.6.1.jar:?]
	... 6 more
2022-07-04 21:12:34,320 [cluster-ClusterId{value='62c30a5b492ea1773ef26a66', description='null'}-app_db:27017] INFO  o.m.d.cluster                                      - Exception in monitor thread while connecting to server app_db:27017 
com.mongodb.MongoSocketException: app_db
	at com.mongodb.ServerAddress.getSocketAddresses(ServerAddress.java:217) ~[mongodb-driver-core-4.6.1.jar:?]
	at com.mongodb.internal.connection.SocketStream.initializeSocket(SocketStream.java:75) ~[mongodb-driver-core-4.6.1.jar:?]
	at com.mongodb.internal.connection.SocketStream.open(SocketStream.java:65) ~[mongodb-driver-core-4.6.1.jar:?]
	at com.mongodb.internal.connection.InternalStreamConnection.open(InternalStreamConnection.java:180) ~[mongodb-driver-core-4.6.1.jar:?]
	at com.mongodb.internal.connection.DefaultServerMonitor$ServerMonitorRunnable.lookupServerDescription(DefaultServerMonitor.java:193) ~[mongodb-driver-core-4.6.1.jar:?]
	at com.mongodb.internal.connection.DefaultServerMonitor$ServerMonitorRunnable.run(DefaultServerMonitor.java:157) ~[mongodb-driver-core-4.6.1.jar:?]
	at java.lang.Thread.run(Thread.java:834) ~[?:?]
Caused by: java.net.UnknownHostException: app_db
	at java.net.InetAddress$CachedAddresses.get(InetAddress.java:797) ~[?:?]
	at java.net.InetAddress$NameServiceAddresses.get(InetAddress.java:883) ~[?:?]
	at java.net.InetAddress.getAllByName0(InetAddress.java:1505) ~[?:?]
	at java.net.InetAddress.getAllByName(InetAddress.java:1364) ~[?:?]
	at java.net.InetAddress.getAllByName(InetAddress.java:1298) ~[?:?]
	at com.mongodb.ServerAddress.getSocketAddresses(ServerAddress.java:209) ~[mongodb-driver-core-4.6.1.jar:?]
	... 6 more
2022-07-04 21:12:58,895 [cluster-ClusterId{value='62c30a5b492ea1773ef26a66', description='null'}-app_db:27017] INFO  o.m.d.cluster                                      - Exception in monitor thread while connecting to server app_db:27017 
com.mongodb.MongoSocketException: No such host is known (app_db)
	at com.mongodb.ServerAddress.getSocketAddresses(ServerAddress.java:217) ~[mongodb-driver-core-4.6.1.jar:?]
	at com.mongodb.internal.connection.SocketStream.initializeSocket(SocketStream.java:75) ~[mongodb-driver-core-4.6.1.jar:?]
	at com.mongodb.internal.connection.SocketStream.open(SocketStream.java:65) ~[mongodb-driver-core-4.6.1.jar:?]
	at com.mongodb.internal.connection.InternalStreamConnection.open(InternalStreamConnection.java:180) ~[mongodb-driver-core-4.6.1.jar:?]
	at com.mongodb.internal.connection.DefaultServerMonitor$ServerMonitorRunnable.lookupServerDescription(DefaultServerMonitor.java:193) ~[mongodb-driver-core-4.6.1.jar:?]
	at com.mongodb.internal.connection.DefaultServerMonitor$ServerMonitorRunnable.run(DefaultServerMonitor.java:157) ~[mongodb-driver-core-4.6.1.jar:?]
	at java.lang.Thread.run(Thread.java:834) ~[?:?]
Caused by: java.net.UnknownHostException: No such host is known (app_db)
	at java.net.Inet6AddressImpl.lookupAllHostAddr(Native Method) ~[?:?]
	at java.net.InetAddress$PlatformNameService.lookupAllHostAddr(InetAddress.java:929) ~[?:?]
	at java.net.InetAddress.getAddressesFromNameService(InetAddress.java:1515) ~[?:?]
	at java.net.InetAddress$NameServiceAddresses.get(InetAddress.java:848) ~[?:?]
	at java.net.InetAddress.getAllByName0(InetAddress.java:1505) ~[?:?]
	at java.net.InetAddress.getAllByName(InetAddress.java:1364) ~[?:?]
	at java.net.InetAddress.getAllByName(InetAddress.java:1298) ~[?:?]
	at com.mongodb.ServerAddress.getSocketAddresses(ServerAddress.java:209) ~[mongodb-driver-core-4.6.1.jar:?]
	... 6 more
2022-07-04 21:14:00,358 [cluster-ClusterId{value='62c30a5b492ea1773ef26a66', description='null'}-app_db:27017] INFO  o.m.d.cluster                                      - Exception in monitor thread while connecting to server app_db:27017 
com.mongodb.MongoSocketException: app_db
	at com.mongodb.ServerAddress.getSocketAddresses(ServerAddress.java:217) ~[mongodb-driver-core-4.6.1.jar:?]
	at com.mongodb.internal.connection.SocketStream.initializeSocket(SocketStream.java:75) ~[mongodb-driver-core-4.6.1.jar:?]
	at com.mongodb.internal.connection.SocketStream.open(SocketStream.java:65) ~[mongodb-driver-core-4.6.1.jar:?]
	at com.mongodb.internal.connection.InternalStreamConnection.open(InternalStreamConnection.java:180) ~[mongodb-driver-core-4.6.1.jar:?]
	at com.mongodb.internal.connection.DefaultServerMonitor$ServerMonitorRunnable.lookupServerDescription(DefaultServerMonitor.java:193) ~[mongodb-driver-core-4.6.1.jar:?]
	at com.mongodb.internal.connection.DefaultServerMonitor$ServerMonitorRunnable.run(DefaultServerMonitor.java:157) ~[mongodb-driver-core-4.6.1.jar:?]
	at java.lang.Thread.run(Thread.java:834) ~[?:?]
Caused by: java.net.UnknownHostException: app_db
	at java.net.InetAddress$CachedAddresses.get(InetAddress.java:797) ~[?:?]
	at java.net.InetAddress$NameServiceAddresses.get(InetAddress.java:883) ~[?:?]
	at java.net.InetAddress.getAllByName0(InetAddress.java:1505) ~[?:?]
	at java.net.InetAddress.getAllByName(InetAddress.java:1364) ~[?:?]
	at java.net.InetAddress.getAllByName(InetAddress.java:1298) ~[?:?]
	at com.mongodb.ServerAddress.getSocketAddresses(ServerAddress.java:209) ~[mongodb-driver-core-4.6.1.jar:?]
	... 6 more
2022-07-04 21:14:24,952 [cluster-ClusterId{value='62c30a5b492ea1773ef26a66', description='null'}-app_db:27017] INFO  o.m.d.cluster                                      - Exception in monitor thread while connecting to server app_db:27017 
com.mongodb.MongoSocketException: No such host is known (app_db)
	at com.mongodb.ServerAddress.getSocketAddresses(ServerAddress.java:217) ~[mongodb-driver-core-4.6.1.jar:?]
	at com.mongodb.internal.connection.SocketStream.initializeSocket(SocketStream.java:75) ~[mongodb-driver-core-4.6.1.jar:?]
	at com.mongodb.internal.connection.SocketStream.open(SocketStream.java:65) ~[mongodb-driver-core-4.6.1.jar:?]
	at com.mongodb.internal.connection.InternalStreamConnection.open(InternalStreamConnection.java:180) ~[mongodb-driver-core-4.6.1.jar:?]
	at com.mongodb.internal.connection.DefaultServerMonitor$ServerMonitorRunnable.lookupServerDescription(DefaultServerMonitor.java:193) ~[mongodb-driver-core-4.6.1.jar:?]
	at com.mongodb.internal.connection.DefaultServerMonitor$ServerMonitorRunnable.run(DefaultServerMonitor.java:157) ~[mongodb-driver-core-4.6.1.jar:?]
	at java.lang.Thread.run(Thread.java:834) ~[?:?]
Caused by: java.net.UnknownHostException: No such host is known (app_db)
	at java.net.Inet6AddressImpl.lookupAllHostAddr(Native Method) ~[?:?]
	at java.net.InetAddress$PlatformNameService.lookupAllHostAddr(InetAddress.java:929) ~[?:?]
	at java.net.InetAddress.getAddressesFromNameService(InetAddress.java:1515) ~[?:?]
	at java.net.InetAddress$NameServiceAddresses.get(InetAddress.java:848) ~[?:?]
	at java.net.InetAddress.getAllByName0(InetAddress.java:1505) ~[?:?]
	at java.net.InetAddress.getAllByName(InetAddress.java:1364) ~[?:?]
	at java.net.InetAddress.getAllByName(InetAddress.java:1298) ~[?:?]
	at com.mongodb.ServerAddress.getSocketAddresses(ServerAddress.java:209) ~[mongodb-driver-core-4.6.1.jar:?]
	... 6 more
2022-07-04 21:14:37,239 [cluster-ClusterId{value='62c30a5b492ea1773ef26a66', description='null'}-app_db:27017] INFO  o.m.d.cluster                                      - Exception in monitor thread while connecting to server app_db:27017 
com.mongodb.MongoSocketException: app_db
	at com.mongodb.ServerAddress.getSocketAddresses(ServerAddress.java:217) ~[mongodb-driver-core-4.6.1.jar:?]
	at com.mongodb.internal.connection.SocketStream.initializeSocket(SocketStream.java:75) ~[mongodb-driver-core-4.6.1.jar:?]
	at com.mongodb.internal.connection.SocketStream.open(SocketStream.java:65) ~[mongodb-driver-core-4.6.1.jar:?]
	at com.mongodb.internal.connection.InternalStreamConnection.open(InternalStreamConnection.java:180) ~[mongodb-driver-core-4.6.1.jar:?]
	at com.mongodb.internal.connection.DefaultServerMonitor$ServerMonitorRunnable.lookupServerDescription(DefaultServerMonitor.java:193) ~[mongodb-driver-core-4.6.1.jar:?]
	at com.mongodb.internal.connection.DefaultServerMonitor$ServerMonitorRunnable.run(DefaultServerMonitor.java:157) ~[mongodb-driver-core-4.6.1.jar:?]
	at java.lang.Thread.run(Thread.java:834) ~[?:?]
Caused by: java.net.UnknownHostException: app_db
	at java.net.InetAddress$CachedAddresses.get(InetAddress.java:797) ~[?:?]
	at java.net.InetAddress$NameServiceAddresses.get(InetAddress.java:883) ~[?:?]
	at java.net.InetAddress.getAllByName0(InetAddress.java:1505) ~[?:?]
	at java.net.InetAddress.getAllByName(InetAddress.java:1364) ~[?:?]
	at java.net.InetAddress.getAllByName(InetAddress.java:1298) ~[?:?]
	at com.mongodb.ServerAddress.getSocketAddresses(ServerAddress.java:209) ~[mongodb-driver-core-4.6.1.jar:?]
	... 6 more
2022-07-04 21:16:14,374 [main] INFO  c.r.p.ProjectApplication                           - Starting ProjectApplication using Java 11.0.15 on DESKTOP-CK1PODA with PID 9176 (E:\Rohan\Projects\project\project\target\classes started by HP in E:\Rohan\Projects\project\project) 
2022-07-04 21:16:14,403 [main] INFO  c.r.p.ProjectApplication                           - No active profile set, falling back to 1 default profile: "default" 
2022-07-04 21:16:15,611 [main] INFO  o.s.d.r.c.RepositoryConfigurationDelegate          - Bootstrapping Spring Data MongoDB repositories in DEFAULT mode. 
2022-07-04 21:16:15,652 [main] INFO  o.s.d.r.c.RepositoryConfigurationDelegate          - Finished Spring Data repository scanning in 22 ms. Found 0 MongoDB repository interfaces. 
2022-07-04 21:16:17,832 [main] INFO  o.s.b.w.e.t.TomcatWebServer                        - Tomcat initialized with port(s): 8080 (http) 
2022-07-04 21:16:17,854 [main] INFO  o.a.c.h.Http11NioProtocol                          - Initializing ProtocolHandler ["http-nio-8080"] 
2022-07-04 21:16:17,855 [main] INFO  o.a.c.c.StandardService                            - Starting service [Tomcat] 
2022-07-04 21:16:17,856 [main] INFO  o.a.c.c.StandardEngine                             - Starting Servlet engine: [Apache Tomcat/9.0.64] 
2022-07-04 21:16:18,116 [main] INFO  o.a.c.c.C.[.[.[/]                                  - Initializing Spring embedded WebApplicationContext 
2022-07-04 21:16:18,121 [main] INFO  o.s.b.w.s.c.ServletWebServerApplicationContext     - Root WebApplicationContext: initialization completed in 3604 ms 
2022-07-04 21:16:19,123 [main] INFO  o.m.d.client                                       - MongoClient with metadata {"driver": {"name": "mongo-java-driver|sync|spring-boot", "version": "4.6.1"}, "os": {"type": "Windows", "name": "Windows 10", "architecture": "amd64", "version": "10.0"}, "platform": "Java/Oracle Corporation/11.0.15+8-LTS-149"} created with settings MongoClientSettings{readPreference=primary, writeConcern=WriteConcern{w=null, wTimeout=null ms, journal=null}, retryWrites=true, retryReads=true, readConcern=ReadConcern{level=null}, credential=null, streamFactoryFactory=null, commandListeners=[], codecRegistry=ProvidersCodecRegistry{codecProviders=[ValueCodecProvider{}, BsonValueCodecProvider{}, DBRefCodecProvider{}, DBObjectCodecProvider{}, DocumentCodecProvider{}, IterableCodecProvider{}, MapCodecProvider{}, GeoJsonCodecProvider{}, GridFSFileCodecProvider{}, Jsr310CodecProvider{}, JsonObjectCodecProvider{}, BsonCodecProvider{}, EnumCodecProvider{}, com.mongodb.Jep395RecordCodecProvider@4137aab0]}, clusterSettings={hosts=[app_db:27017], srvServiceName=mongodb, mode=SINGLE, requiredClusterType=UNKNOWN, requiredReplicaSetName='null', serverSelector='null', clusterListeners='[]', serverSelectionTimeout='30000 ms', localThreshold='30000 ms'}, socketSettings=SocketSettings{connectTimeoutMS=10000, readTimeoutMS=0, receiveBufferSize=0, sendBufferSize=0}, heartbeatSocketSettings=SocketSettings{connectTimeoutMS=10000, readTimeoutMS=10000, receiveBufferSize=0, sendBufferSize=0}, connectionPoolSettings=ConnectionPoolSettings{maxSize=100, minSize=0, maxWaitTimeMS=120000, maxConnectionLifeTimeMS=0, maxConnectionIdleTimeMS=0, maintenanceInitialDelayMS=0, maintenanceFrequencyMS=60000, connectionPoolListeners=[], maxConnecting=2}, serverSettings=ServerSettings{heartbeatFrequencyMS=10000, minHeartbeatFrequencyMS=500, serverListeners='[]', serverMonitorListeners='[]'}, sslSettings=SslSettings{enabled=false, invalidHostNameAllowed=false, context=null}, applicationName='null', compressorList=[], uuidRepresentation=JAVA_LEGACY, serverApi=null, autoEncryptionSettings=null, contextProvider=null} 
2022-07-04 21:16:19,861 [main] INFO  o.a.c.h.Http11NioProtocol                          - Starting ProtocolHandler ["http-nio-8080"] 
2022-07-04 21:16:19,903 [main] INFO  o.s.b.w.e.t.TomcatWebServer                        - Tomcat started on port(s): 8080 (http) with context path '' 
2022-07-04 21:16:19,921 [main] INFO  c.r.p.ProjectApplication                           - Started ProjectApplication in 6.442 seconds (JVM running for 7.95) 
2022-07-04 21:16:19,931 [main] INFO  c.r.p.ProjectApplication                           - Running project application 
2022-07-04 21:16:21,384 [cluster-ClusterId{value='62c30b4ae35ee20eac94fe23', description='null'}-app_db:27017] INFO  o.m.d.cluster                                      - Exception in monitor thread while connecting to server app_db:27017 
com.mongodb.MongoSocketException: app_db
	at com.mongodb.ServerAddress.getSocketAddresses(ServerAddress.java:217) ~[mongodb-driver-core-4.6.1.jar:?]
	at com.mongodb.internal.connection.SocketStream.initializeSocket(SocketStream.java:75) ~[mongodb-driver-core-4.6.1.jar:?]
	at com.mongodb.internal.connection.SocketStream.open(SocketStream.java:65) ~[mongodb-driver-core-4.6.1.jar:?]
	at com.mongodb.internal.connection.InternalStreamConnection.open(InternalStreamConnection.java:180) ~[mongodb-driver-core-4.6.1.jar:?]
	at com.mongodb.internal.connection.DefaultServerMonitor$ServerMonitorRunnable.lookupServerDescription(DefaultServerMonitor.java:193) ~[mongodb-driver-core-4.6.1.jar:?]
	at com.mongodb.internal.connection.DefaultServerMonitor$ServerMonitorRunnable.run(DefaultServerMonitor.java:157) ~[mongodb-driver-core-4.6.1.jar:?]
	at java.lang.Thread.run(Thread.java:834) ~[?:?]
Caused by: java.net.UnknownHostException: app_db
	at java.net.InetAddress$CachedAddresses.get(InetAddress.java:797) ~[?:?]
	at java.net.InetAddress$NameServiceAddresses.get(InetAddress.java:883) ~[?:?]
	at java.net.InetAddress.getAllByName0(InetAddress.java:1505) ~[?:?]
	at java.net.InetAddress.getAllByName(InetAddress.java:1364) ~[?:?]
	at java.net.InetAddress.getAllByName(InetAddress.java:1298) ~[?:?]
	at com.mongodb.ServerAddress.getSocketAddresses(ServerAddress.java:209) ~[mongodb-driver-core-4.6.1.jar:?]
	... 6 more
2022-07-04 21:16:45,973 [cluster-ClusterId{value='62c30b4ae35ee20eac94fe23', description='null'}-app_db:27017] INFO  o.m.d.cluster                                      - Exception in monitor thread while connecting to server app_db:27017 
com.mongodb.MongoSocketException: No such host is known (app_db)
	at com.mongodb.ServerAddress.getSocketAddresses(ServerAddress.java:217) ~[mongodb-driver-core-4.6.1.jar:?]
	at com.mongodb.internal.connection.SocketStream.initializeSocket(SocketStream.java:75) ~[mongodb-driver-core-4.6.1.jar:?]
	at com.mongodb.internal.connection.SocketStream.open(SocketStream.java:65) ~[mongodb-driver-core-4.6.1.jar:?]
	at com.mongodb.internal.connection.InternalStreamConnection.open(InternalStreamConnection.java:180) ~[mongodb-driver-core-4.6.1.jar:?]
	at com.mongodb.internal.connection.DefaultServerMonitor$ServerMonitorRunnable.lookupServerDescription(DefaultServerMonitor.java:193) ~[mongodb-driver-core-4.6.1.jar:?]
	at com.mongodb.internal.connection.DefaultServerMonitor$ServerMonitorRunnable.run(DefaultServerMonitor.java:157) ~[mongodb-driver-core-4.6.1.jar:?]
	at java.lang.Thread.run(Thread.java:834) ~[?:?]
Caused by: java.net.UnknownHostException: No such host is known (app_db)
	at java.net.Inet6AddressImpl.lookupAllHostAddr(Native Method) ~[?:?]
	at java.net.InetAddress$PlatformNameService.lookupAllHostAddr(InetAddress.java:929) ~[?:?]
	at java.net.InetAddress.getAddressesFromNameService(InetAddress.java:1515) ~[?:?]
	at java.net.InetAddress$NameServiceAddresses.get(InetAddress.java:848) ~[?:?]
	at java.net.InetAddress.getAllByName0(InetAddress.java:1505) ~[?:?]
	at java.net.InetAddress.getAllByName(InetAddress.java:1364) ~[?:?]
	at java.net.InetAddress.getAllByName(InetAddress.java:1298) ~[?:?]
	at com.mongodb.ServerAddress.getSocketAddresses(ServerAddress.java:209) ~[mongodb-driver-core-4.6.1.jar:?]
	... 6 more
2022-07-04 21:16:55,982 [cluster-ClusterId{value='62c30b4ae35ee20eac94fe23', description='null'}-app_db:27017] INFO  o.m.d.cluster                                      - Exception in monitor thread while connecting to server app_db:27017 
com.mongodb.MongoSocketException: app_db
	at com.mongodb.ServerAddress.getSocketAddresses(ServerAddress.java:217) ~[mongodb-driver-core-4.6.1.jar:?]
	at com.mongodb.internal.connection.SocketStream.initializeSocket(SocketStream.java:75) ~[mongodb-driver-core-4.6.1.jar:?]
	at com.mongodb.internal.connection.SocketStream.open(SocketStream.java:65) ~[mongodb-driver-core-4.6.1.jar:?]
	at com.mongodb.internal.connection.InternalStreamConnection.open(InternalStreamConnection.java:180) ~[mongodb-driver-core-4.6.1.jar:?]
	at com.mongodb.internal.connection.DefaultServerMonitor$ServerMonitorRunnable.lookupServerDescription(DefaultServerMonitor.java:193) ~[mongodb-driver-core-4.6.1.jar:?]
	at com.mongodb.internal.connection.DefaultServerMonitor$ServerMonitorRunnable.run(DefaultServerMonitor.java:157) ~[mongodb-driver-core-4.6.1.jar:?]
	at java.lang.Thread.run(Thread.java:834) ~[?:?]
Caused by: java.net.UnknownHostException: app_db
	at java.net.InetAddress$CachedAddresses.get(InetAddress.java:797) ~[?:?]
	at java.net.InetAddress.getAllByName0(InetAddress.java:1505) ~[?:?]
	at java.net.InetAddress.getAllByName(InetAddress.java:1364) ~[?:?]
	at java.net.InetAddress.getAllByName(InetAddress.java:1298) ~[?:?]
	at com.mongodb.ServerAddress.getSocketAddresses(ServerAddress.java:209) ~[mongodb-driver-core-4.6.1.jar:?]
	... 6 more
